0 info it worked if it ends with ok
1 verbose cli [ '/usr/local/bin/node',
1 verbose cli   '/usr/local/bin/npm',
1 verbose cli   'install',
1 verbose cli   'grunt-clean-css',
1 verbose cli   '--save-dev' ]
2 info using npm@1.4.28
3 info using node@v0.10.33
4 verbose readDependencies using package.json deps
5 verbose cache add [ 'grunt-clean-css', null ]
6 verbose cache add name=undefined spec="grunt-clean-css" args=["grunt-clean-css",null]
7 verbose parsed url { protocol: null,
7 verbose parsed url   slashes: null,
7 verbose parsed url   auth: null,
7 verbose parsed url   host: null,
7 verbose parsed url   port: null,
7 verbose parsed url   hostname: null,
7 verbose parsed url   hash: null,
7 verbose parsed url   search: null,
7 verbose parsed url   query: null,
7 verbose parsed url   pathname: 'grunt-clean-css',
7 verbose parsed url   path: 'grunt-clean-css',
7 verbose parsed url   href: 'grunt-clean-css' }
8 silly lockFile 5ca43a89-grunt-clean-css grunt-clean-css
9 verbose lock grunt-clean-css /Users/schwyz/.npm/5ca43a89-grunt-clean-css.lock
10 silly lockFile 5ca43a89-grunt-clean-css grunt-clean-css
11 silly lockFile 5ca43a89-grunt-clean-css grunt-clean-css
12 verbose addNamed [ 'grunt-clean-css', '' ]
13 verbose addNamed [ null, '*' ]
14 silly lockFile ba44fee6-grunt-clean-css grunt-clean-css@
15 verbose lock grunt-clean-css@ /Users/schwyz/.npm/ba44fee6-grunt-clean-css.lock
16 silly addNameRange { name: 'grunt-clean-css', range: '*', hasData: false }
17 verbose request where is /grunt-clean-css
18 verbose request registry https://registry.npmjs.org/
19 verbose request id 6f542cc9bda48ad6
20 verbose url raw /grunt-clean-css
21 verbose url resolving [ 'https://registry.npmjs.org/', './grunt-clean-css' ]
22 verbose url resolved https://registry.npmjs.org/grunt-clean-css
23 verbose request where is https://registry.npmjs.org/grunt-clean-css
24 info trying registry request attempt 1 at 14:35:59
25 http GET https://registry.npmjs.org/grunt-clean-css
26 http 404 https://registry.npmjs.org/grunt-clean-css
27 verbose headers { date: 'Tue, 23 Dec 2014 03:36:01 GMT',
27 verbose headers   server: 'CouchDB/1.5.0 (Erlang OTP/R16B03)',
27 verbose headers   'content-type': 'application/json',
27 verbose headers   'cache-control': 'max-age=0',
27 verbose headers   'content-length': '52',
27 verbose headers   'accept-ranges': 'bytes',
27 verbose headers   via: '1.1 varnish',
27 verbose headers   age: '0',
27 verbose headers   'x-served-by': 'cache-syd1621-SYD',
27 verbose headers   'x-cache': 'MISS',
27 verbose headers   'x-cache-hits': '0',
27 verbose headers   'x-timer': 'S1419305760.928258,VS0,VE186',
27 verbose headers   'keep-alive': 'timeout=10, max=50',
27 verbose headers   connection: 'Keep-Alive' }
28 silly registry.get cb [ 404,
28 silly registry.get   { date: 'Tue, 23 Dec 2014 03:36:01 GMT',
28 silly registry.get     server: 'CouchDB/1.5.0 (Erlang OTP/R16B03)',
28 silly registry.get     'content-type': 'application/json',
28 silly registry.get     'cache-control': 'max-age=0',
28 silly registry.get     'content-length': '52',
28 silly registry.get     'accept-ranges': 'bytes',
28 silly registry.get     via: '1.1 varnish',
28 silly registry.get     age: '0',
28 silly registry.get     'x-served-by': 'cache-syd1621-SYD',
28 silly registry.get     'x-cache': 'MISS',
28 silly registry.get     'x-cache-hits': '0',
28 silly registry.get     'x-timer': 'S1419305760.928258,VS0,VE186',
28 silly registry.get     'keep-alive': 'timeout=10, max=50',
28 silly registry.get     connection: 'Keep-Alive' } ]
29 silly lockFile ba44fee6-grunt-clean-css grunt-clean-css@
30 silly lockFile ba44fee6-grunt-clean-css grunt-clean-css@
31 error 404 404 Not Found: grunt-clean-css
31 error 404
31 error 404 'grunt-clean-css' is not in the npm registry.
31 error 404 You should bug the author to publish it
31 error 404 It was specified as a dependency of 'Base'
31 error 404
31 error 404 Note that you can also install from a
31 error 404 tarball, folder, or http url, or git url.
32 error System Darwin 14.0.0
33 error command "/usr/local/bin/node" "/usr/local/bin/npm" "install" "grunt-clean-css" "--save-dev"
34 error cwd /Users/schwyz/Documents/base
35 error node -v v0.10.33
36 error npm -v 1.4.28
37 error code E404
38 verbose exit [ 1, true ]
